<?xml version="1.0" encoding="UTF-8"?>
<testsuite xmlns:xsi="http://www.w3.org/2001/XMLSchema-instance" xsi:noNamespaceSchemaLocation="https://maven.apache.org/surefire/maven-surefire-plugin/xsd/surefire-test-report.xsd" name="org.apache.bookkeeper.BookkeeperTest" time="0.142" tests="5" errors="0" skipped="0" failures="0">
  <properties>
[...]
</properties>
  <testcase name="test1CP" classname="org.apache.bookkeeper.BookkeeperTest" time="0"/>
  <testcase name="test2CP" classname="org.apache.bookkeeper.BookkeeperTest" time="0.001"/>
  <testcase name="test3CP" classname="org.apache.bookkeeper.BookkeeperTest" time="0.009"/>
  <testcase name="test4CP" classname="org.apache.bookkeeper.BookkeeperTest" time="0.008"/>
  <testcase name="test5CP" classname="org.apache.bookkeeper.BookkeeperTest" time="0.001"/>
</testsuite>